<?xml version="1.0" encoding="UTF-8"?>
<!-- Generated by org.testng.reporters.JUnitReportReporter -->
<testsuite skipped="0" hostname="DESKTOP-6PKJUM2" name="com.actitime.testscripts.CustomerTest" tests="2" failures="0" timestamp="09 May 2019 09:04:13 GMT" time="14.320" errors="0">
  <testcase name="createCustomerWithDescriptionTest" time="6.757" classname="com.actitime.testscripts.CustomerTest"/>
  <testcase name="createCustomerTest" time="7.563" classname="com.actitime.testscripts.CustomerTest"/>
</testsuite> <!-- com.actitime.testscripts.CustomerTest -->
